  Model.cpp
  Generating Code...
  Compiling...
  main.cpp
d:\visual studio 2017\projects\engdesoftwarei\engdesoftwarei\main.cpp(129): warning C4244: 'argument': conversion from 'double' to 'int', possible loss of data
d:\visual studio 2017\projects\engdesoftwarei\engdesoftwarei\main.cpp(130): warning C4244: 'argument': conversion from 'double' to 'int', possible loss of data
d:\visual studio 2017\projects\engdesoftwarei\engdesoftwarei\main.cpp(146): warning C4244: 'argument': conversion from 'double' to 'int', possible loss of data
d:\visual studio 2017\projects\engdesoftwarei\engdesoftwarei\main.cpp(147): warning C4244: 'argument': conversion from 'double' to 'int', possible loss of data
d:\visual studio 2017\projects\engdesoftwarei\engdesoftwarei\main.cpp(160): warning C4244: 'argument': conversion from 'double' to 'int', possible loss of data
d:\visual studio 2017\projects\engdesoftwarei\engdesoftwarei\main.cpp(161): warning C4244: 'argument': conversion from 'double' to 'int', possible loss of data
d:\visual studio 2017\projects\engdesoftwarei\engdesoftwarei\main.cpp(162): warning C4244: 'argument': conversion from 'double' to 'int', possible loss of data
d:\visual studio 2017\projects\engdesoftwarei\engdesoftwarei\main.cpp(163): warning C4244: 'argument': conversion from 'double' to 'int', possible loss of data
d:\visual studio 2017\projects\engdesoftwarei\engdesoftwarei\main.cpp(164): warning C4244: 'argument': conversion from 'double' to 'int', possible loss of data
  ModelImpl.cpp
  Generating Code...
  Skipping... (no relevant changes detected)
  SystemImpl.cpp
  System.cpp
  FlowImpl.cpp
  EngDeSoftwareI.vcxproj -> D:\Visual Studio 2017\Projects\EngDeSoftwareI\Debug\EngDeSoftwareI.exe
